[2025-02-26T15:58:58.978] [INFO] default - GET / 200 [4ms]
[2025-02-26T15:58:59.012] [WARN] default - GET /static/css/index.css 304 [3ms]
[2025-02-26T15:58:59.013] [WARN] default - GET /static/assets/svg/star.svg 304 [2ms]
[2025-02-26T15:58:59.017] [WARN] default - GET /static/js/index.js 304 [3ms]
[2025-02-26T15:58:59.026] [WARN] default - GET /static/assets/images/Coffee_1.png 304 [1ms]
[2025-02-26T15:58:59.027] [WARN] default - GET /static/assets/images/Coffee_2.png 304 [1ms]
[2025-02-26T15:58:59.029] [WARN] default - GET /static/css/article.css 304 [1ms]
[2025-02-26T15:58:59.030] [WARN] default - GET /static/css/cache-test.css 304 [2ms]
[2025-02-26T15:58:59.035] [WARN] default - GET /static/js/parse.js 304 [1ms]
[2025-02-26T15:58:59.035] [WARN] default - GET /static/js/dom.js 304 [1ms]
[2025-02-26T15:59:01.488] [ERROR] default - PUT /api/caches/dictum 500 [3ms]
[2025-02-26T15:59:32.183] [INFO] default - GET / 200 [5ms]
[2025-02-26T15:59:32.216] [WARN] default - GET /static/css/index.css 304 [3ms]
[2025-02-26T15:59:32.218] [WARN] default - GET /static/assets/svg/star.svg 304 [1ms]
[2025-02-26T15:59:32.219] [WARN] default - GET /static/js/index.js 304 [1ms]
[2025-02-26T15:59:32.226] [WARN] default - GET /static/assets/images/Coffee_1.png 304 [1ms]
[2025-02-26T15:59:32.227] [WARN] default - GET /static/assets/images/Coffee_2.png 304 [2ms]
[2025-02-26T15:59:32.228] [WARN] default - GET /static/css/article.css 304 [1ms]
[2025-02-26T15:59:32.229] [WARN] default - GET /static/css/cache-test.css 304 [1ms]
[2025-02-26T15:59:32.235] [WARN] default - GET /static/js/parse.js 304 [2ms]
[2025-02-26T15:59:32.237] [WARN] default - GET /static/js/dom.js 304 [2ms]
[2025-02-26T15:59:34.769] [ERROR] default - PUT /api/caches/dictum 500 [3ms]
[2025-02-26T15:59:48.311] [ERROR] default - PUT /api/caches/dictum 500 [1ms]
[2025-02-26T16:00:12.188] [INFO] default - GET / 200 [5ms]
[2025-02-26T16:00:12.225] [WARN] default - GET /static/css/index.css 304 [2ms]
[2025-02-26T16:00:12.226] [WARN] default - GET /static/assets/svg/star.svg 304 [3ms]
[2025-02-26T16:00:12.227] [WARN] default - GET /static/js/index.js 304 [0ms]
[2025-02-26T16:00:12.236] [WARN] default - GET /static/assets/images/Coffee_1.png 304 [1ms]
[2025-02-26T16:00:12.236] [WARN] default - GET /static/assets/images/Coffee_2.png 304 [1ms]
[2025-02-26T16:00:12.238] [WARN] default - GET /static/css/article.css 304 [1ms]
[2025-02-26T16:00:12.240] [WARN] default - GET /static/css/cache-test.css 304 [1ms]
[2025-02-26T16:00:12.242] [WARN] default - GET /static/js/parse.js 304 [1ms]
[2025-02-26T16:00:12.243] [WARN] default - GET /static/js/dom.js 304 [2ms]
[2025-02-26T16:00:14.946] [ERROR] default - PUT /api/caches/dictum 500 [4ms]
[2025-02-26T16:01:58.322] [INFO] default - GET / 200 [4ms]
[2025-02-26T16:01:58.365] [WARN] default - GET /static/css/index.css 304 [3ms]
[2025-02-26T16:01:58.366] [WARN] default - GET /static/assets/svg/star.svg 304 [3ms]
[2025-02-26T16:01:58.373] [INFO] default - GET /static/js/index.js 200 [6ms]
[2025-02-26T16:01:58.375] [WARN] default - GET /static/assets/images/Coffee_1.png 304 [1ms]
[2025-02-26T16:01:58.376] [WARN] default - GET /static/assets/images/Coffee_2.png 304 [1ms]
[2025-02-26T16:01:58.378] [WARN] default - GET /static/css/cache-test.css 304 [1ms]
[2025-02-26T16:01:58.380] [WARN] default - GET /static/css/article.css 304 [1ms]
[2025-02-26T16:01:58.381] [WARN] default - GET /static/js/parse.js 304 [1ms]
[2025-02-26T16:01:58.383] [WARN] default - GET /static/js/dom.js 304 [1ms]
[2025-02-26T16:02:03.501] [WARN] default - GET /api/caches/dictum 304 [2ms]
[2025-02-26T16:02:04.944] [ERROR] default - PUT /api/caches/dictum 500 [3ms]
[2025-02-26T16:03:25.977] [INFO] default - GET / 200 [5ms]
[2025-02-26T16:03:26.030] [WARN] default - GET /static/css/index.css 304 [5ms]
[2025-02-26T16:03:26.034] [WARN] default - GET /static/assets/svg/star.svg 304 [6ms]
[2025-02-26T16:03:26.037] [WARN] default - GET /static/assets/images/Coffee_1.png 304 [2ms]
[2025-02-26T16:03:26.039] [WARN] default - GET /static/assets/images/Coffee_2.png 304 [1ms]
[2025-02-26T16:03:26.040] [INFO] default - GET /static/js/index.js 200 [5ms]
[2025-02-26T16:03:26.043] [WARN] default - GET /static/css/article.css 304 [1ms]
[2025-02-26T16:03:26.045] [WARN] default - GET /static/css/cache-test.css 304 [1ms]
[2025-02-26T16:03:26.051] [WARN] default - GET /static/js/parse.js 304 [0ms]
[2025-02-26T16:03:26.053] [WARN] default - GET /static/js/dom.js 304 [1ms]
[2025-02-26T16:03:29.453] [ERROR] default - PUT /api/caches/dictum 500 [3ms]
[2025-02-26T16:06:12.990] [INFO] default - GET / 200 [4ms]
[2025-02-26T16:06:13.028] [WARN] default - GET /static/css/index.css 304 [3ms]
[2025-02-26T16:06:13.029] [WARN] default - GET /static/assets/svg/star.svg 304 [3ms]
[2025-02-26T16:06:13.031] [WARN] default - GET /static/js/index.js 304 [1ms]
[2025-02-26T16:06:13.046] [WARN] default - GET /static/assets/images/Coffee_1.png 304 [2ms]
[2025-02-26T16:06:13.047] [WARN] default - GET /static/assets/images/Coffee_2.png 304 [1ms]
[2025-02-26T16:06:13.049] [WARN] default - GET /static/css/article.css 304 [1ms]
[2025-02-26T16:06:13.051] [WARN] default - GET /static/css/cache-test.css 304 [1ms]
[2025-02-26T16:06:13.053] [WARN] default - GET /static/js/parse.js 304 [1ms]
[2025-02-26T16:06:13.055] [WARN] default - GET /static/js/dom.js 304 [1ms]
[2025-02-26T16:06:15.765] [ERROR] default - PUT /api/caches/dictum 500 [3ms]
[2025-02-26T16:09:04.557] [INFO] default - GET / 200 [5ms]
[2025-02-26T16:09:04.596] [WARN] default - GET /static/css/index.css 304 [4ms]
[2025-02-26T16:09:04.597] [WARN] default - GET /static/assets/svg/star.svg 304 [3ms]
[2025-02-26T16:09:04.598] [WARN] default - GET /static/js/index.js 304 [0ms]
[2025-02-26T16:09:04.605] [WARN] default - GET /static/assets/images/Coffee_1.png 304 [0ms]
[2025-02-26T16:09:04.606] [WARN] default - GET /static/assets/images/Coffee_2.png 304 [0ms]
[2025-02-26T16:09:04.608] [WARN] default - GET /static/css/article.css 304 [1ms]
[2025-02-26T16:09:04.610] [WARN] default - GET /static/css/cache-test.css 304 [1ms]
[2025-02-26T16:09:04.614] [WARN] default - GET /static/js/parse.js 304 [1ms]
[2025-02-26T16:09:04.616] [WARN] default - GET /static/js/dom.js 304 [1ms]
[2025-02-26T16:09:06.365] [WARN] default - GET /api/caches/dictum 304 [2ms]
[2025-02-26T16:09:08.072] [INFO] default - PUT /api/caches/dictum 200 [2ms]
[2025-02-26T16:09:12.844] [INFO] default - PUT /api/caches/dictum 200 [1ms]
[2025-02-26T16:09:17.429] [INFO] default - GET /api/caches/dictum 200 [0ms]
[2025-02-26T16:09:18.155] [WARN] default - GET /api/caches/dictum 304 [1ms]
[2025-02-26T16:09:18.795] [WARN] default - GET /api/caches/dictum 304 [1ms]
[2025-02-26T16:09:19.147] [WARN] default - GET /api/caches/dictum 304 [1ms]
[2025-02-26T16:09:50.301] [INFO] default - GET /api/caches/emoji 200 [1ms]
[2025-02-26T16:09:51.804] [INFO] default - GET /api/caches/sentence 200 [0ms]
[2025-02-26T16:10:04.453] [WARN] default - GET /api/caches/sentence 304 [1ms]
[2025-02-26T16:10:07.686] [INFO] default - PUT /api/caches/sentence 200 [1ms]
[2025-02-26T16:10:08.734] [INFO] default - GET /api/caches/sentence 200 [1ms]
[2025-02-26T16:10:41.320] [WARN] default - GET /api/caches/dictum 304 [4ms]
[2025-02-26T16:10:41.642] [WARN] default - GET /api/caches/dictum 304 [1ms]
[2025-02-26T16:10:41.882] [WARN] default - GET /api/caches/dictum 304 [1ms]
[2025-02-26T16:10:46.715] [INFO] default - PUT /api/caches/dictum 200 [3ms]
[2025-02-26T16:10:48.305] [INFO] default - GET /api/caches/dictum 200 [0ms]
